********************************************************************************
DUPLICATOR-LITE PACKAGE-LOG: 7 de July de 2020 21:26
NOTICE: Do NOT post to public sites or forums 
********************************************************************************
VERSION:	1.3.36
WORDPRESS:	5.4.2
PHP INFO:	7.2.31 | SAPI: apache2handler
SERVER:		Apache/2.4.43 (Win64) OpenSSL/1.1.1g PHP/7.2.31 
PHP TIME LIMIT: (0) no time limit imposed 
PHP MAX MEMORY: 4294967296 (512M default) 
MEMORY STACK: 6MB

********************************************************************************
DATABASE:
********************************************************************************
BUILD MODE:   MYSQLDUMP
MYSQLTIMEOUT: 5000
MYSQLDUMP:    Is Supported
SQL CREATED: 20200707_humanmed_fe3636bf2721a9695721_20200707212544_database.sql
SQL FILE SIZE: 671.33KB (687444)
SQL FILE TIME: 2020-07-07 21:27:09
SQL RUNTIME: 20.29 sec.

********************************************************************************
ARCHIVE (ZIP):
********************************************************************************
ARCHIVE DIR:  C:/xampp2/htdocs/humanmed
ARCHIVE FILE: 20200707_humanmed_fe3636bf2721a9695721_20200707212544_archive.zip
FILTERS: *OFF*
DIRS:
	not set
FILES:
	not set
EXTS:  not set
----------------------------------------
COMPRESSING
SIZE:	76.94MB
STATS:	Dirs 509 | Files 3,787
SQL ADDED: 20200707_humanmed_fe3636bf2721a9695721_20200707212544_database.sql
ZipArchive Object
(
    [status] => 0
    [statusSys] => 0
    [numFiles] => 4296
    [filename] => C:\xampp2\htdocs\humanmed\wp-content\backups-dup-lite\tmp\20200707_humanmed_fe3636bf2721a9695721_20200707212544_archive.zip
    [comment] => 
)

FILE ADDED TO ZIP: 4295
COMPRESSION RESULT: '1'
COMPRESSED SIZE: 25.56MB
ARCHIVE RUNTIME: 101.08 sec.
MEMORY STACK: 6MB
building installer
add_extra_files1
add_extra_files2
add_extra_files3
add_extra_files4
Doing archive file check
add_extra_files5
add_extra_files6
add_extra_files8
Successfully opened zip C:/xampp2/htdocs/humanmed/wp-content/backups-dup-lite/tmp/20200707_humanmed_fe3636bf2721a9695721_20200707212544_archive.zip
Adding enhanced installer files to archive using ZipArchive
Installer files added to archive
Added to archive
After ziparchive close when adding installer

********************************************************************************
INTEGRITY CHECKS:
********************************************************************************
SQL FILE: 671.33KB
INSTALLER FILE: 61.31KB
ARCHIVE FILE: 27.05MB 
EXPECTED FILE/DIRECTORY COUNT: 4,296
ACTUAL FILE/DIRECTORY COUNT: 4,295
ARCHIVE CONSISTENCY TEST: Pass

********************************************************************************
RECORD ID:[1]
TOTAL PROCESS RUNTIME: 143.09 sec.
PEAK PHP MEMORY USED: 6MB
DONE PROCESSING => 20200707_humanmed 7 de July de 2020 21:29

